# JRE version: Java(TM) SE Runtime Environment (9.0-b52) (build 1.9.0-ea-b52)
# Java VM: Java HotSpot(TM) 64-Bit Server VM (1.9.0-ea-b52 mixed mode windows-amd64 compressed oops)
Heap:
 PSYoungGen      total 492032K, used 386471K [0x00000000e0000000, 0x0000000100000000, 0x0000000100000000)
  eden space 459264K, 84% used [0x00000000e0000000,0x00000000f7969f10,0x00000000fc080000)
  from space 32768K, 0% used [0x00000000fe000000,0x00000000fe000000,0x0000000100000000)
  to   space 32256K, 0% used [0x00000000fc080000,0x00000000fc080000,0x00000000fe000000)
 ParOldGen       total 86528K, used 44464K [0x00000000a0000000, 0x00000000a5480000, 0x00000000e0000000)
  object space 86528K, 51% used [0x00000000a0000000,0x00000000a2b6c2a8,0x00000000a5480000)
 Metaspace       used 70094K, capacity 74712K, committed 75048K, reserved 1114112K
  class space    used 9049K, capacity 9708K, committed 10032K, reserved 1048576K
GC Heap History (10 events):
Event: 6226.371 GC heap before
{Heap before GC invocations=25 (full 12):
 PSYoungGen      total 476160K, used 245313K [0x00000000e0000000, 0x0000000100000000, 0x0000000100000000)
  eden space 446464K, 54% used [0x00000000e0000000,0x00000000eef90508,0x00000000fb400000)
  from space 29696K, 0% used [0x00000000fb400000,0x00000000fb400000,0x00000000fd100000)
  to   space 32768K, 0% used [0x00000000fe000000,0x00000000fe000000,0x0000000100000000)
 ParOldGen       total 86528K, used 44261K [0x00000000a0000000, 0x00000000a5480000, 0x00000000e0000000)
  object space 86528K, 51% used [0x00000000a0000000,0x00000000a2b395d8,0x00000000a5480000)
 Metaspace       used 68482K, capacity 71710K, committed 72872K, reserved 1112064K
  class space    used 8836K, capacity 9379K, committed 9904K, reserved 1048576K
Event: 6227.203 GC heap after
Heap after GC invocations=25 (full 12):
 PSYoungGen      total 476160K, used 0K [0x00000000e0000000, 0x0000000100000000, 0x0000000100000000)
  eden space 446464K, 0% used [0x00000000e0000000,0x00000000e0000000,0x00000000fb400000)
  from space 29696K, 0% used [0x00000000fb400000,0x00000000fb400000,0x00000000fd100000)
  to   space 32768K, 0% used [0x00000000fe000000,0x00000000fe000000,0x0000000100000000)
 ParOldGen       total 86528K, used 44080K [0x00000000a0000000, 0x00000000a5480000, 0x00000000e0000000)
  object space 86528K, 50% used [0x00000000a0000000,0x00000000a2b0c390,0x00000000a5480000)
 Metaspace       used 68437K, capacity 71638K, committed 72872K, reserved 1112064K
  class space    used 8829K, capacity 9367K, committed 9904K, reserved 1048576K
}
Event: 6522.316 GC heap before
{Heap before GC invocations=26 (full 13):
 PSYoungGen      total 476160K, used 324577K [0x00000000e0000000, 0x0000000100000000, 0x0000000100000000)
  eden space 446464K, 72% used [0x00000000e0000000,0x00000000f3cf86f0,0x00000000fb400000)
  from space 29696K, 0% used [0x00000000fb400000,0x00000000fb400000,0x00000000fd100000)
  to   space 32768K, 0% used [0x00000000fe000000,0x00000000fe000000,0x0000000100000000)
 ParOldGen       total 86528K, used 44080K [0x00000000a0000000, 0x00000000a5480000, 0x00000000e0000000)
  object space 86528K, 50% used [0x00000000a0000000,0x00000000a2b0c390,0x00000000a5480000)
 Metaspace       used 68678K, capacity 72024K, committed 73384K, reserved 1112064K
  class space    used 8842K, capacity 9382K, committed 9904K, reserved 1048576K
Event: 6523.120 GC heap after
Heap after GC invocations=26 (full 13):
 PSYoungGen      total 476160K, used 0K [0x00000000e0000000, 0x0000000100000000, 0x0000000100000000)
  eden space 446464K, 0% used [0x00000000e0000000,0x00000000e0000000,0x00000000fb400000)
  from space 29696K, 0% used [0x00000000fb400000,0x00000000fb400000,0x00000000fd100000)
  to   space 32768K, 0% used [0x00000000fe000000,0x00000000fe000000,0x0000000100000000)
 ParOldGen       total 86528K, used 44281K [0x00000000a0000000, 0x00000000a5480000, 0x00000000e0000000)
  object space 86528K, 51% used [0x00000000a0000000,0x00000000a2b3e448,0x00000000a5480000)
 Metaspace       used 68678K, capacity 72024K, committed 73384K, reserved 1112064K
  class space    used 8842K, capacity 9382K, committed 9904K, reserved 1048576K
}
Event: 6760.397 GC heap before
{Heap before GC invocations=27 (full 13):
 PSYoungGen      total 476160K, used 446464K [0x00000000e0000000, 0x0000000100000000, 0x0000000100000000)
  eden space 446464K, 100% used [0x00000000e0000000,0x00000000fb400000,0x00000000fb400000)
  from space 29696K, 0% used [0x00000000fb400000,0x00000000fb400000,0x00000000fd100000)
  to   space 32768K, 0% used [0x00000000fe000000,0x00000000fe000000,0x0000000100000000)
 ParOldGen       total 86528K, used 44281K [0x00000000a0000000, 0x00000000a5480000, 0x00000000e0000000)
  object space 86528K, 51% used [0x00000000a0000000,0x00000000a2b3e448,0x00000000a5480000)
 Metaspace       used 69653K, capacity 74110K, committed 74536K, reserved 1114112K
  class space    used 9011K, capacity 9667K, committed 10032K, reserved 1048576K
Event: 6760.535 GC heap after
Heap after GC invocations=27 (full 13):
 PSYoungGen      total 492032K, used 18011K [0x00000000e0000000, 0x0000000100000000, 0x0000000100000000)
  eden space 459264K, 0% used [0x00000000e0000000,0x00000000e0000000,0x00000000fc080000)
  from space 32768K, 54% used [0x00000000fe000000,0x00000000ff196da0,0x0000000100000000)
  to   space 32256K, 0% used [0x00000000fc080000,0x00000000fc080000,0x00000000fe000000)
 ParOldGen       total 86528K, used 44289K [0x00000000a0000000, 0x00000000a5480000, 0x00000000e0000000)
  object space 86528K, 51% used [0x00000000a0000000,0x00000000a2b40448,0x00000000a5480000)
 Metaspace       used 69653K, capacity 74110K, committed 74536K, reserved 1114112K
  class space    used 9011K, capacity 9667K, committed 10032K, reserved 1048576K
}
Event: 6775.421 GC heap before
{Heap before GC invocations=28 (full 14):
 PSYoungGen      total 492032K, used 150199K [0x00000000e0000000, 0x0000000100000000, 0x0000000100000000)
  eden space 459264K, 28% used [0x00000000e0000000,0x00000000e8117040,0x00000000fc080000)
  from space 32768K, 54% used [0x00000000fe000000,0x00000000ff196da0,0x0000000100000000)
  to   space 32256K, 0% used [0x00000000fc080000,0x00000000fc080000,0x00000000fe000000)
 ParOldGen       total 86528K, used 44289K [0x00000000a0000000, 0x00000000a5480000, 0x00000000e0000000)
  object space 86528K, 51% used [0x00000000a0000000,0x00000000a2b40448,0x00000000a5480000)
 Metaspace       used 69731K, capacity 74140K, committed 74536K, reserved 1114112K
  class space    used 9014K, capacity 9672K, committed 10032K, reserved 1048576K
Event: 6776.892 GC heap after
Heap after GC invocations=28 (full 14):
 PSYoungGen      total 492032K, used 0K [0x00000000e0000000, 0x0000000100000000, 0x0000000100000000)
  eden space 459264K, 0% used [0x00000000e0000000,0x00000000e0000000,0x00000000fc080000)
  from space 32768K, 0% used [0x00000000fe000000,0x00000000fe000000,0x0000000100000000)
  to   space 32256K, 0% used [0x00000000fc080000,0x00000000fc080000,0x00000000fe000000)
 ParOldGen       total 86528K, used 40473K [0x00000000a0000000, 0x00000000a5480000, 0x00000000e0000000)
  object space 86528K, 46% used [0x00000000a0000000,0x00000000a2786580,0x00000000a5480000)
 Metaspace       used 69687K, capacity 74022K, committed 74536K, reserved 1114112K
  class space    used 9003K, capacity 9659K, committed 10032K, reserved 1048576K
}
Event: 6966.972 GC heap before
{Heap before GC invocations=29 (full 15):
 PSYoungGen      total 492032K, used 244228K [0x00000000e0000000, 0x0000000100000000, 0x0000000100000000)
  eden space 459264K, 53% used [0x00000000e0000000,0x00000000eee81270,0x00000000fc080000)
  from space 32768K, 0% used [0x00000000fe000000,0x00000000fe000000,0x0000000100000000)
  to   space 32256K, 0% used [0x00000000fc080000,0x00000000fc080000,0x00000000fe000000)
 ParOldGen       total 86528K, used 40473K [0x00000000a0000000, 0x00000000a5480000, 0x00000000e0000000)
  object space 86528K, 46% used [0x00000000a0000000,0x00000000a2786580,0x00000000a5480000)
 Metaspace       used 69839K, capacity 74196K, committed 74792K, reserved 1114112K
  class space    used 9013K, capacity 9670K, committed 10032K, reserved 1048576K
Event: 6967.637 GC heap after
Heap after GC invocations=29 (full 15):
 PSYoungGen      total 492032K, used 0K [0x00000000e0000000, 0x0000000100000000, 0x0000000100000000)
  eden space 459264K, 0% used [0x00000000e0000000,0x00000000e0000000,0x00000000fc080000)
  from space 32768K, 0% used [0x00000000fe000000,0x00000000fe000000,0x0000000100000000)
  to   space 32256K, 0% used [0x00000000fc080000,0x00000000fc080000,0x00000000fe000000)
 ParOldGen       total 86528K, used 44464K [0x00000000a0000000, 0x00000000a5480000, 0x00000000e0000000)
  object space 86528K, 51% used [0x00000000a0000000,0x00000000a2b6c2a8,0x00000000a5480000)
 Metaspace       used 69839K, capacity 74196K, committed 74792K, reserved 1114112K
  class space    used 9013K, capacity 9670K, committed 10032K, reserved 1048576K
}

